Watching for file changes with StatReloader
Internal Server Error: /
Traceback (most recent call last):
  File "D:\PP\altersert_django\.venv\Lib\site-packages\django\db\backends\utils.py", line 89, in _execute
    return self.cursor.execute(sql, params)
           ~~~~~~~~~~~~~~~~~~~^^^^^^^^^^^^^
  File "D:\PP\altersert_django\.venv\Lib\site-packages\django\db\backends\sqlite3\base.py", line 328, in execute
    return super().execute(query, params)
           ~~~~~~~~~~~~~~~^^^^^^^^^^^^^^^
sqlite3.OperationalError: no such table: main_sitesettings

The above exception was the direct cause of the following exception:

Traceback (most recent call last):
  File "D:\PP\altersert_django\.venv\Lib\site-packages\django\core\handlers\exception.py", line 55, in inner
    response = get_response(request)
  File "D:\PP\altersert_django\.venv\Lib\site-packages\django\core\handlers\base.py", line 197, in _get_response
    response = wrapped_callback(request, *callback_args, **callback_kwargs)
  File "D:\PP\altersert_django\main\views.py", line 73, in index
    site_settings, _ = SiteSettings.objects.get_or_create(pk=1)
                       ~~~~~~~~~~~~~~~~~~~~~~~~~~~~~~~~~~^^^^^^
  File "D:\PP\altersert_django\.venv\Lib\site-packages\django\db\models\manager.py", line 87, in manager_method
    return getattr(self.get_queryset(), name)(*args, **kwargs)
           ~~~~~~~~~~~~~~~~~~~~~~~~~~~~~~~~~~^^^^^^^^^^^^^^^^^
  File "D:\PP\altersert_django\.venv\Lib\site-packages\django\db\models\query.py", line 918, in get_or_create
    return self.get(**kwargs), False
           ~~~~~~~~^^^^^^^^^^
  File "D:\PP\altersert_django\.venv\Lib\site-packages\django\db\models\query.py", line 635, in get
    num = len(clone)
  File "D:\PP\altersert_django\.venv\Lib\site-packages\django\db\models\query.py", line 382, in __len__
    self._fetch_all()
    ~~~~~~~~~~~~~~~^^
  File "D:\PP\altersert_django\.venv\Lib\site-packages\django\db\models\query.py", line 1886, in _fetch_all
    self._result_cache = list(self._iterable_class(self))
                         ~~~~^^^^^^^^^^^^^^^^^^^^^^^^^^^^
  File "D:\PP\altersert_django\.venv\Lib\site-packages\django\db\models\query.py", line 93, in __iter__
    results = compiler.execute_sql(
        chunked_fetch=self.chunked_fetch, chunk_size=self.chunk_size
    )
  File "D:\PP\altersert_django\.venv\Lib\site-packages\django\db\models\sql\compiler.py", line 1562, in execute_sql
    cursor.execute(sql, params)
    ~~~~~~~~~~~~~~^^^^^^^^^^^^^
  File "D:\PP\altersert_django\.venv\Lib\site-packages\django\db\backends\utils.py", line 102, in execute
    return super().execute(sql, params)
           ~~~~~~~~~~~~~~~^^^^^^^^^^^^^
  File "D:\PP\altersert_django\.venv\Lib\site-packages\django\db\backends\utils.py", line 67, in execute
    return self._execute_with_wrappers(
           ~~~~~~~~~~~~~~~~~~~~~~~~~~~^
        sql, params, many=False, executor=self._execute
        ^^^^^^^^^^^^^^^^^^^^^^^^^^^^^^^^^^^^^^^^^^^^^^^
    )
    ^
  File "D:\PP\altersert_django\.venv\Lib\site-packages\django\db\backends\utils.py", line 80, in _execute_with_wrappers
    return executor(sql, params, many, context)
  File "D:\PP\altersert_django\.venv\Lib\site-packages\django\db\backends\utils.py", line 84, in _execute
    with self.db.wrap_database_errors:
         ^^^^^^^^^^^^^^^^^^^^^^^^^^^^
  File "D:\PP\altersert_django\.venv\Lib\site-packages\django\db\utils.py", line 91, in __exit__
    raise dj_exc_value.with_traceback(traceback) from exc_value
  File "D:\PP\altersert_django\.venv\Lib\site-packages\django\db\backends\utils.py", line 89, in _execute
    return self.cursor.execute(sql, params)
           ~~~~~~~~~~~~~~~~~~~^^^^^^^^^^^^^
  File "D:\PP\altersert_django\.venv\Lib\site-packages\django\db\backends\sqlite3\base.py", line 328, in execute
    return super().execute(query, params)
           ~~~~~~~~~~~~~~~^^^^^^^^^^^^^^^
django.db.utils.OperationalError: no such table: main_sitesettings
"GET / HTTP/1.1" 500 150107
Not Found: /favicon.ico
"GET /favicon.ico HTTP/1.1" 404 3601
Watching for file changes with StatReloader
"GET / HTTP/1.1" 200 29760
"GET /static/css/style.css HTTP/1.1" 200 25456
"GET /static/js/main.js HTTP/1.1" 200 6382
"GET /static/images/hero_certificate.png HTTP/1.1" 200 1029598
"GET /services/trademark/ HTTP/1.1" 200 10365
"GET /blog/ HTTP/1.1" 200 11226
Not Found: /blog/admin
"GET /blog/admin HTTP/1.1" 404 3598
"GET /admin/ HTTP/1.1" 302 0
"GET /admin/login/?next=/admin/ HTTP/1.1" 200 4261
"GET /static/admin/css/base.css HTTP/1.1" 304 0
"GET /static/admin/css/dark_mode.css HTTP/1.1" 304 0
"GET /static/admin/css/login.css HTTP/1.1" 304 0
"GET /static/admin/css/responsive.css HTTP/1.1" 304 0
"GET /static/admin/css/nav_sidebar.css HTTP/1.1" 304 0
"GET /static/admin/js/theme.js HTTP/1.1" 304 0
"GET /static/admin/js/nav_sidebar.js HTTP/1.1" 304 0
"GET /admin/login/?next=/admin/ HTTP/1.1" 200 4261
"POST /admin/login/?next=/admin/ HTTP/1.1" 200 4526
"POST /admin/login/?next=/admin/ HTTP/1.1" 200 4528
"POST /admin/login/?next=/admin/ HTTP/1.1" 302 0
"GET /admin/ HTTP/1.1" 200 9165
"GET /static/admin/css/dashboard.css HTTP/1.1" 304 0
"GET /static/admin/img/icon-addlink.svg HTTP/1.1" 304 0
"GET /static/admin/img/icon-viewlink.svg HTTP/1.1" 304 0
"GET /static/admin/img/icon-changelink.svg HTTP/1.1" 304 0
"GET /admin/main/workstep/ HTTP/1.1" 200 14661
"GET /static/admin/css/changelists.css HTTP/1.1" 304 0
"GET /static/admin/css/forms.css HTTP/1.1" 304 0
"GET /admin/jsi18n/ HTTP/1.1" 200 16066
"GET /static/admin/js/actions.js HTTP/1.1" 304 0
"GET /static/admin/js/urlify.js HTTP/1.1" 304 0
"GET /static/admin/js/vendor/jquery/jquery.js HTTP/1.1" 304 0
"GET /static/admin/js/prepopulate.js HTTP/1.1" 304 0
"GET /static/admin/js/vendor/xregexp/xregexp.js HTTP/1.1" 304 0
"GET /static/admin/js/jquery.init.js HTTP/1.1" 304 0
"GET /static/admin/css/widgets.css HTTP/1.1" 304 0
"GET /static/admin/js/core.js HTTP/1.1" 304 0
"GET /static/admin/js/admin/RelatedObjectLookups.js HTTP/1.1" 304 0
"GET /static/admin/js/filters.js HTTP/1.1" 304 0
"GET /static/admin/img/tooltag-add.svg HTTP/1.1" 304 0
"GET /static/admin/img/sorting-icons.svg HTTP/1.1" 304 0
"GET /admin/main/service/ HTTP/1.1" 200 18096
"GET /admin/jsi18n/ HTTP/1.1" 200 16066
"GET /static/admin/img/search.svg HTTP/1.1" 304 0
"GET /admin/main/service/1/change/ HTTP/1.1" 200 16455
"GET /static/admin/js/change_form.js HTTP/1.1" 304 0
"GET /admin/jsi18n/ HTTP/1.1" 200 16066
"GET /static/admin/js/prepopulate_init.js HTTP/1.1" 304 0
"GET /admin/main/service/add/ HTTP/1.1" 200 15631
"GET /admin/jsi18n/ HTTP/1.1" 200 16066
"GET /admin/main/workstep/ HTTP/1.1" 200 14661
"GET /admin/jsi18n/ HTTP/1.1" 200 16066
"GET /admin/main/service/ HTTP/1.1" 200 18096
"GET /admin/jsi18n/ HTTP/1.1" 200 16066
"GET /admin/main/advantage/ HTTP/1.1" 200 14827
"GET /admin/jsi18n/ HTTP/1.1" 200 16066
"GET /admin/main/service/ HTTP/1.1" 200 18096
"GET /admin/main/workstep/ HTTP/1.1" 200 14661
"GET /admin/main/service/add/ HTTP/1.1" 200 15631
"GET /admin/main/service/1/change/ HTTP/1.1" 200 16455
"GET /admin/main/service/ HTTP/1.1" 200 18096
"GET /admin/main/workstep/ HTTP/1.1" 200 14661
"GET /admin/ HTTP/1.1" 200 9165
"GET / HTTP/1.1" 200 29760
"GET /services/labels/ HTTP/1.1" 200 10345
"GET /services/trademark/ HTTP/1.1" 200 10365
"GET / HTTP/1.1" 200 29760
"GET /about/ HTTP/1.1" 200 9867
"GET /contacts/ HTTP/1.1" 200 10237
"GET / HTTP/1.1" 200 29760
"GET / HTTP/1.1" 200 29760
"POST /api/submit-application/ HTTP/1.1" 200 369
Watching for file changes with StatReloader
"GET / HTTP/1.1" 200 29760
"POST /api/submit-application/ HTTP/1.1" 200 369
Watching for file changes with StatReloader
"POST /api/submit-application/ HTTP/1.1" 200 369
Watching for file changes with StatReloader
"GET / HTTP/1.1" 200 29760
"GET /static/images/hero_certificate.png HTTP/1.1" 304 0
"GET /static/css/style.css HTTP/1.1" 304 0
"GET /static/js/main.js HTTP/1.1" 304 0
"POST /api/submit-application/ HTTP/1.1" 200 369
"POST /api/submit-application/ HTTP/1.1" 200 369
